\BOOKMARK [1][-]{section.1}{1 \040Abstract}{}% 1
\BOOKMARK [1][-]{section.2}{2 \040Introduction}{}% 2
\BOOKMARK [1][-]{section.3}{3 \040Frequency Characteristics}{}% 3
\BOOKMARK [2][-]{subsection.3.1}{3.1 \040Different Approaches}{section.3}% 4
\BOOKMARK [3][-]{subsubsection.3.1.1}{3.1.1 \040Sub-banding Filter Bank}{subsection.3.1}% 5
\BOOKMARK [3][-]{subsubsection.3.1.2}{3.1.2 \040Short Time Fourier Transform}{subsection.3.1}% 6
\BOOKMARK [3][-]{subsubsection.3.1.3}{3.1.3 \040Sliding Discrete Fourier Transform}{subsection.3.1}% 7
\BOOKMARK [3][-]{subsubsection.3.1.4}{3.1.4 \040Circular Convolution}{subsection.3.1}% 8
\BOOKMARK [2][-]{subsection.3.2}{3.2 \040Frequency Multipliers}{section.3}% 9
\BOOKMARK [3][-]{subsubsection.3.2.1}{3.2.1 \040Frequency Resolution}{subsection.3.2}% 10
\BOOKMARK [3][-]{subsubsection.3.2.2}{3.2.2 \040High Frequency Content}{subsection.3.2}% 11
\BOOKMARK [3][-]{subsubsection.3.2.3}{3.2.3 \040Final Adaptations}{subsection.3.2}% 12
\BOOKMARK [2][-]{subsection.3.3}{3.3 \040Training Process}{section.3}% 13
\BOOKMARK [2][-]{subsection.3.4}{3.4 \040Results}{section.3}% 14
\BOOKMARK [1][-]{section.4}{4 \040Amplitude Characteristics}{}% 15
\BOOKMARK [2][-]{subsection.4.1}{4.1 \040Envelope Detection}{section.4}% 16
\BOOKMARK [2][-]{subsection.4.2}{4.2 \040Note Detection}{section.4}% 17
\BOOKMARK [2][-]{subsection.4.3}{4.3 \040Sustain}{section.4}% 18
\BOOKMARK [2][-]{subsection.4.4}{4.4 \040Results}{section.4}% 19
\BOOKMARK [1][-]{section.5}{5 \040Future Improvements}{}% 20
\BOOKMARK [1][-]{section.6}{6 \040Documentation of Real-Time System}{}% 21
\BOOKMARK [1][-]{section.7}{7 \040Acknowledgments}{}% 22
\BOOKMARK [1][-]{section.8}{8 \040References}{}% 23
